[2024-02-08T09:46:33.149+0900] {taskinstance.py:1103} INFO - Dependencies all met for dep_context=non-requeueable deps ti=<TaskInstance: naver-search-pipeline.creating_table scheduled__2024-02-07T00:00:00+00:00 [queued]>
[2024-02-08T09:46:33.152+0900] {taskinstance.py:1103} INFO - Dependencies all met for dep_context=requeueable deps ti=<TaskInstance: naver-search-pipeline.creating_table scheduled__2024-02-07T00:00:00+00:00 [queued]>
[2024-02-08T09:46:33.152+0900] {taskinstance.py:1308} INFO - Starting attempt 1 of 1
[2024-02-08T09:46:33.173+0900] {taskinstance.py:1327} INFO - Executing <Task(SqliteOperator): creating_table> on 2024-02-07 00:00:00+00:00
[2024-02-08T09:46:33.175+0900] {standard_task_runner.py:57} INFO - Started process 191547 to run task
[2024-02-08T09:46:33.176+0900] {standard_task_runner.py:84} INFO - Running: ['airflow', 'tasks', 'run', 'naver-search-pipeline', 'creating_table', 'scheduled__2024-02-07T00:00:00+00:00', '--job-id', '91', '--raw', '--subdir', 'DAGS_FOLDER/naver_search_pipeline.py', '--cfg-path', '/tmp/tmpdxi_aixi']
[2024-02-08T09:46:33.177+0900] {standard_task_runner.py:85} INFO - Job 91: Subtask creating_table
[2024-02-08T09:46:33.199+0900] {task_command.py:410} INFO - Running <TaskInstance: naver-search-pipeline.creating_table scheduled__2024-02-07T00:00:00+00:00 [running]> on host localhost
[2024-02-08T09:46:33.234+0900] {taskinstance.py:1547} INFO - Exporting env vars: AIRFLOW_CTX_DAG_OWNER='airflow' AIRFLOW_CTX_DAG_ID='naver-search-pipeline' AIRFLOW_CTX_TASK_ID='creating_table' AIRFLOW_CTX_EXECUTION_DATE='2024-02-07T00:00:00+00:00' AIRFLOW_CTX_TRY_NUMBER='1' AIRFLOW_CTX_DAG_RUN_ID='scheduled__2024-02-07T00:00:00+00:00'
[2024-02-08T09:46:33.235+0900] {sql.py:265} INFO - Executing: 
            CREATE TABLE IF NOT EXISTS naver_search_result(
            title TEXT,
            address TEXT,
            category TEXT,
            description TEXT,
            link TEXT
            )
        
[2024-02-08T09:46:33.237+0900] {base.py:73} INFO - Using connection ID 'db_sqlite' for task execution.
[2024-02-08T09:46:33.243+0900] {base.py:73} INFO - Using connection ID 'db_sqlite' for task execution.
[2024-02-08T09:46:33.243+0900] {sql.py:375} INFO - Running statement: 
            CREATE TABLE IF NOT EXISTS naver_search_result(
            title TEXT,
            address TEXT,
            category TEXT,
            description TEXT,
            link TEXT
            )
        , parameters: None
[2024-02-08T09:46:33.246+0900] {taskinstance.py:1350} INFO - Marking task as SUCCESS. dag_id=naver-search-pipeline, task_id=creating_table, execution_date=20240207T000000, start_date=20240208T004633, end_date=20240208T004633
[2024-02-08T09:46:33.307+0900] {local_task_job_runner.py:225} INFO - Task exited with return code 0
[2024-02-08T09:46:33.320+0900] {taskinstance.py:2653} INFO - 1 downstream tasks scheduled from follow-on schedule check
