[2024-02-13T10:02:51.311+0900] {taskinstance.py:1103} INFO - Dependencies all met for dep_context=non-requeueable deps ti=<TaskInstance: naver-search-pipeline.creating_table manual__2024-02-13T01:02:49.486647+00:00 [queued]>
[2024-02-13T10:02:51.314+0900] {taskinstance.py:1103} INFO - Dependencies all met for dep_context=requeueable deps ti=<TaskInstance: naver-search-pipeline.creating_table manual__2024-02-13T01:02:49.486647+00:00 [queued]>
[2024-02-13T10:02:51.314+0900] {taskinstance.py:1308} INFO - Starting attempt 1 of 1
[2024-02-13T10:02:51.324+0900] {taskinstance.py:1327} INFO - Executing <Task(SqliteOperator): creating_table> on 2024-02-13 01:02:49.486647+00:00
[2024-02-13T10:02:51.326+0900] {standard_task_runner.py:57} INFO - Started process 273149 to run task
[2024-02-13T10:02:51.327+0900] {standard_task_runner.py:84} INFO - Running: ['airflow', 'tasks', 'run', 'naver-search-pipeline', 'creating_table', 'manual__2024-02-13T01:02:49.486647+00:00', '--job-id', '131', '--raw', '--subdir', 'DAGS_FOLDER/naver_search_pipeline.py', '--cfg-path', '/tmp/tmpaya4yluz']
[2024-02-13T10:02:51.328+0900] {standard_task_runner.py:85} INFO - Job 131: Subtask creating_table
[2024-02-13T10:02:51.346+0900] {task_command.py:410} INFO - Running <TaskInstance: naver-search-pipeline.creating_table manual__2024-02-13T01:02:49.486647+00:00 [running]> on host localhost
[2024-02-13T10:02:51.381+0900] {taskinstance.py:1547} INFO - Exporting env vars: AIRFLOW_CTX_DAG_OWNER='airflow' AIRFLOW_CTX_DAG_ID='naver-search-pipeline' AIRFLOW_CTX_TASK_ID='creating_table' AIRFLOW_CTX_EXECUTION_DATE='2024-02-13T01:02:49.486647+00:00' AIRFLOW_CTX_TRY_NUMBER='1' AIRFLOW_CTX_DAG_RUN_ID='manual__2024-02-13T01:02:49.486647+00:00'
[2024-02-13T10:02:51.381+0900] {sql.py:265} INFO - Executing: 
            CREATE TABLE IF NOT EXISTS naver_search_result(
            title TEXT,
            address TEXT,
            category TEXT,
            description TEXT,
            link TEXT
            )
        
[2024-02-13T10:02:51.383+0900] {base.py:73} INFO - Using connection ID 'db_sqlite' for task execution.
[2024-02-13T10:02:51.389+0900] {base.py:73} INFO - Using connection ID 'db_sqlite' for task execution.
[2024-02-13T10:02:51.389+0900] {sql.py:375} INFO - Running statement: 
            CREATE TABLE IF NOT EXISTS naver_search_result(
            title TEXT,
            address TEXT,
            category TEXT,
            description TEXT,
            link TEXT
            )
        , parameters: None
[2024-02-13T10:02:51.392+0900] {taskinstance.py:1350} INFO - Marking task as SUCCESS. dag_id=naver-search-pipeline, task_id=creating_table, execution_date=20240213T010249, start_date=20240213T010251, end_date=20240213T010251
[2024-02-13T10:02:51.419+0900] {local_task_job_runner.py:225} INFO - Task exited with return code 0
[2024-02-13T10:02:51.432+0900] {taskinstance.py:2653} INFO - 1 downstream tasks scheduled from follow-on schedule check
