[2024-02-07T13:27:22.935+0900] {taskinstance.py:1103} INFO - Dependencies all met for dep_context=non-requeueable deps ti=<TaskInstance: naver-search-pipeline.crawl_naver manual__2024-02-07T04:27:17.374936+00:00 [queued]>
[2024-02-07T13:27:22.939+0900] {taskinstance.py:1103} INFO - Dependencies all met for dep_context=requeueable deps ti=<TaskInstance: naver-search-pipeline.crawl_naver manual__2024-02-07T04:27:17.374936+00:00 [queued]>
[2024-02-07T13:27:22.939+0900] {taskinstance.py:1308} INFO - Starting attempt 1 of 1
[2024-02-07T13:27:22.949+0900] {taskinstance.py:1327} INFO - Executing <Task(SimpleHttpOperator): crawl_naver> on 2024-02-07 04:27:17.374936+00:00
[2024-02-07T13:27:22.950+0900] {standard_task_runner.py:57} INFO - Started process 147052 to run task
[2024-02-07T13:27:22.952+0900] {standard_task_runner.py:84} INFO - Running: ['airflow', 'tasks', 'run', 'naver-search-pipeline', 'crawl_naver', 'manual__2024-02-07T04:27:17.374936+00:00', '--job-id', '23', '--raw', '--subdir', 'DAGS_FOLDER/naver_search_pipeline.py', '--cfg-path', '/tmp/tmp_loht73b']
[2024-02-07T13:27:22.952+0900] {standard_task_runner.py:85} INFO - Job 23: Subtask crawl_naver
[2024-02-07T13:27:22.970+0900] {task_command.py:410} INFO - Running <TaskInstance: naver-search-pipeline.crawl_naver manual__2024-02-07T04:27:17.374936+00:00 [running]> on host localhost
[2024-02-07T13:27:23.005+0900] {taskinstance.py:1547} INFO - Exporting env vars: AIRFLOW_CTX_DAG_OWNER='airflow' AIRFLOW_CTX_DAG_ID='naver-search-pipeline' AIRFLOW_CTX_TASK_ID='crawl_naver' AIRFLOW_CTX_EXECUTION_DATE='2024-02-07T04:27:17.374936+00:00' AIRFLOW_CTX_TRY_NUMBER='1' AIRFLOW_CTX_DAG_RUN_ID='manual__2024-02-07T04:27:17.374936+00:00'
[2024-02-07T13:27:23.006+0900] {http.py:123} INFO - Calling HTTP method
[2024-02-07T13:27:23.008+0900] {base.py:73} INFO - Using connection ID 'naver_search_api' for task execution.
[2024-02-07T13:27:23.144+0900] {http.py:127} INFO - {
	"lastBuildDate":"Wed, 07 Feb 2024 13:27:23 +0900",
	"total":5,
	"start":1,
	"display":5,
	"items":[
		{
			"title":"은주정",
			"link":"https:\/\/www.instagram.com\/eunjujeong1986",
			"category":"한식>찌개,전골",
			"description":"",
			"telephone":"",
			"address":"서울특별시 중구 주교동 43-23",
			"roadAddress":"서울특별시 중구 창경궁로8길 32",
			"mapx":"1269997477",
			"mapy":"375686783"
		},
		{
			"title":"김촌 서울대입구 직영점",
			"link":"",
			"category":"음식점>한식",
			"description":"",
			"telephone":"",
			"address":"서울특별시 관악구 봉천동 855-10 1층",
			"roadAddress":"서울특별시 관악구 관악로14길 6 1층",
			"mapx":"1269528715",
			"mapy":"374791672"
		},
		{
			"title":"한대패",
			"link":"https:\/\/www.instagram.com\/uglyhome_busan",
			"category":"음식점>한식",
			"description":"",
			"telephone":"",
			"address":"부산광역시 부산진구 부전동 519-30 1층",
			"roadAddress":"부산광역시 부산진구 가야대로784번길 46-11 1층",
			"mapx":"1290565274",
			"mapy":"351553749"
		},
		{
			"title":"한일옥",
			"link":"",
			"category":"음식점>한식",
			"description":"",
			"telephone":"",
			"address":"전북특별자치도 군산시 신창동 2-1",
			"roadAddress":"전북특별자치도 군산시 구영3길 63",
			"mapx":"1267082416",
			"mapy":"359874893"
		},
		{
			"title":"굴다리식당",
			"link":"",
			"category":"음식점>한식",
			"description":"",
			"telephone":"",
			"address":"서울특별시 마포구 도화동 181-45",
			"roadAddress":"서울특별시 마포구 새창로 8-1",
			"mapx":"1269508191",
			"mapy":"375421254"
		}
	]
}
[2024-02-07T13:27:23.174+0900] {taskinstance.py:1350} INFO - Marking task as SUCCESS. dag_id=naver-search-pipeline, task_id=crawl_naver, execution_date=20240207T042717, start_date=20240207T042722, end_date=20240207T042723
[2024-02-07T13:27:23.204+0900] {local_task_job_runner.py:225} INFO - Task exited with return code 0
[2024-02-07T13:27:23.222+0900] {taskinstance.py:2653} INFO - 1 downstream tasks scheduled from follow-on schedule check
